#
# A fatal error has been detected by the Java Runtime Environment:
#
#  EXCEPTION_ACCESS_VIOLATION (0xc0000005) at pc=0x00000000525de950, pid=10536, tid=15152
#
# JRE version: Java(TM) SE Runtime Environment (8.0_05-b13) (build 1.8.0_05-b13)
# Java VM: Java HotSpot(TM) 64-Bit Server VM (25.5-b02 mixed mode windows-amd64 compressed oops)
# Problematic frame:
# V  [jvm.dll+0x4be950]
#
# Failed to write core dump. Minidumps are not enabled by default on client versions of Windows
#
# If you would like to submit a bug report, please visit:
#   http://bugreport.sun.com/bugreport/crash.jsp
#

---------------  T H R E A D  ---------------

Current thread (0x000000001360b000):  JavaThread "C2 CompilerThread1" daemon [_thread_in_native, id=15152, stack(0x0000000013d10000,0x0000000013e10000)]

siginfo: ExceptionCode=0xc0000005, reading address 0x000010001510d244

Registers:
RAX=0x000000001510d398, RBX=0x000000001510d218, RCX=0x000010001510d218, RDX=0x0000000000004a77
RSP=0x0000000013e0bc98, RBP=0x0000000000000010, RSI=0x000010001510d218, RDI=0x000000001510d218
R8 =0x0000000000004faf, R9 =0x0000000000003fa8, R10=0x000000001363b7c0, R11=0x0000000000000030
R12=0x000000001510d348, R13=0x0000000000000002, R14=0x0000000013e0c910, R15=0x00000000149b5620
RIP=0x00000000525de950, EFLAGS=0x0000000000010206

Top of Stack: (sp=0x0000000013e0bc98)
0x0000000013e0bc98:   000000005254e8f7 000000001510d280
0x0000000013e0bca8:   00000000525dfe0c 0000000000000002
0x0000000013e0bcb8:   00000000525dfa74 0000000000000001
0x0000000013e0bcc8:   0000000000000000 0000000014f9a370
0x0000000013e0bcd8:   000000001510d348 0000000000000000
0x0000000013e0bce8:   0000000052550ed9 0000000000000004
0x0000000013e0bcf8:   0000000000000001 00000000149b5620
0x0000000013e0bd08:   00000000525de506 000000001510d280
0x0000000013e0bd18:   0000000000000000 0000000000000325
0x0000000013e0bd28:   0000000013e0c910 0000000000006f6c
0x0000000013e0bd38:   0000000000000008 000000001510d348
0x0000000013e0bd48:   00000000149b5620 0000000013e0c910
0x0000000013e0bd58:   0000000000000000 000000001510d218
0x0000000013e0bd68:   000000001510d348 0000000000000325
0x0000000013e0bd78:   0000000013e0c910 0000000000000000
0x0000000013e0bd88:   0000000000000326 0000000013e0c910 

Instructions: (pc=0x00000000525de950)
0x00000000525de930:   40 f8 75 ec 41 ff 4a 18 49 8b 42 08 41 8b 4a 18
0x00000000525de940:   48 8b 5c 24 08 48 c7 04 c8 00 00 00 00 c3 cc cc
0x00000000525de950:   0f b7 51 2c 0f b6 c2 24 1f 3c 14 74 08 80 e2 3f
0x00000000525de960:   80 fa 24 75 28 83 79 18 02 75 22 0f b7 51 2c 0f 


Register to memory mapping:

RAX=0x000000001510d398 is an unknown value
RBX=0x000000001510d218 is an unknown value
RCX=0x000010001510d218 is an unknown value
RDX=0x0000000000004a77 is an unknown value
RSP=0x0000000013e0bc98 is pointing into the stack for thread: 0x000000001360b000
RBP=0x0000000000000010 is an unknown value
RSI=0x000010001510d218 is an unknown value
RDI=0x000000001510d218 is an unknown value
R8 =0x0000000000004faf is an unknown value
R9 =0x0000000000003fa8 is an unknown value
R10=0x000000001363b7c0 is an unknown value
R11=0x0000000000000030 is an unknown value
R12=0x000000001510d348 is an unknown value
R13=0x0000000000000002 is an unknown value
R14=0x0000000013e0c910 is pointing into the stack for thread: 0x000000001360b000
R15=0x00000000149b5620 is an unknown value


Stack: [0x0000000013d10000,0x0000000013e10000],  sp=0x0000000013e0bc98,  free space=1007k
Native frames: (J=compiled Java code, j=interpreted, Vv=VM code, C=native code)
V  [jvm.dll+0x4be950]


Current CompileTask:
C2:   8402 6979       4       com.altera.sopcmodel.ensemble.BorderPointBuilder::findInternalAssociatedOrigin (364 bytes)


---------------  P R O C E S S  ---------------

Java Threads: ( => current thread )
  0x0000000016d00000 JavaThread "Tcl Isolation Thread" daemon [_thread_blocked, id=13808, stack(0x00000000173a0000,0x00000000174a0000)]
  0x0000000013695800 JavaThread "Service Thread" daemon [_thread_blocked, id=10044, stack(0x0000000014010000,0x0000000014110000)]
  0x000000001360e000 JavaThread "C1 CompilerThread3" daemon [_thread_blocked, id=10952, stack(0x0000000013f10000,0x0000000014010000)]
  0x000000001360c800 JavaThread "C2 CompilerThread2" daemon [_thread_blocked, id=2912, stack(0x0000000013e10000,0x0000000013f10000)]
=>0x000000001360b000 JavaThread "C2 CompilerThread1" daemon [_thread_in_native, id=15152, stack(0x0000000013d10000,0x0000000013e10000)]
  0x0000000013607800 JavaThread "C2 CompilerThread0" daemon [_thread_blocked, id=12036, stack(0x0000000013c10000,0x0000000013d10000)]
  0x0000000013605800 JavaThread "Attach Listener" daemon [_thread_blocked, id=9396, stack(0x0000000013b10000,0x0000000013c10000)]
  0x0000000013612000 JavaThread "Signal Dispatcher" daemon [_thread_blocked, id=1180, stack(0x0000000013a10000,0x0000000013b10000)]
  0x0000000003452800 JavaThread "Finalizer" daemon [_thread_blocked, id=3540, stack(0x0000000013910000,0x0000000013a10000)]
  0x000000000344b800 JavaThread "Reference Handler" daemon [_thread_blocked, id=13252, stack(0x0000000013810000,0x0000000013910000)]
  0x0000000003367000 JavaThread "main" [_thread_in_Java, id=14896, stack(0x0000000003260000,0x0000000003360000)]

Other Threads:
  0x0000000003445800 VMThread [stack: 0x0000000013710000,0x0000000013810000] [id=11768]
  0x000000001369c800 WatcherThread [stack: 0x0000000014110000,0x0000000014210000] [id=15124]

VM state:not at safepoint (normal execution)

VM Mutex/Monitor currently owned by a thread: None

Heap:
 def new generation   total 460800K, used 306871K [0x00000000a2400000, 0x00000000c1800000, 0x00000000c1800000)
  eden space 409600K,  71% used [0x00000000a2400000, 0x00000000b4228a08, 0x00000000bb400000)
  from space 51200K,  27% used [0x00000000bb400000, 0x00000000bc1854b8, 0x00000000be600000)
  to   space 51200K,   0% used [0x00000000be600000, 0x00000000be600000, 0x00000000c1800000)
 tenured generation   total 1024000K, used 65924K [0x00000000c1800000, 0x0000000100000000, 0x0000000100000000)
   the space 1024000K,   6% used [0x00000000c1800000, 0x00000000c58613c0, 0x00000000c5861400, 0x0000000100000000)
 Metaspace       used 24143K, capacity 25102K, committed 25216K, reserved 1071104K
  class space    used 2698K, capacity 2905K, committed 2944K, reserved 1048576K

Card table byte_map: [0x0000000012820000,0x0000000012b10000] byte_map_base: 0x000000001230e000

Polling page: 0x0000000001390000

CodeCache: size=245760Kb used=24201Kb max_used=24214Kb free=221559Kb
 bounds [0x0000000003460000, 0x0000000004c30000, 0x0000000012460000]
 total_blobs=6350 nmethods=5965 adapters=297
 compilation: enabled

Compilation events (10 events):
Event: 8.208 Thread 0x0000000013607800 nmethod 6950 0x0000000004be9f10 code [0x0000000004bea060, 0x0000000004bea198]
Event: 8.208 Thread 0x0000000013607800 6949       4       com.altera.sopcmodel.util.MessageLogger::receiveMessage (50 bytes)
Event: 8.211 Thread 0x0000000013607800 nmethod 6949 0x0000000004c08690 code [0x0000000004c08820, 0x0000000004c08c88]
Event: 8.211 Thread 0x0000000013607800 6952       4       com.altera.sopcmodel.util.Message::setMessageID (6 bytes)
Event: 8.211 Thread 0x0000000013607800 nmethod 6952 0x00000000046bdc90 code [0x00000000046bddc0, 0x00000000046bde38]
Event: 8.215 Thread 0x000000001360c800 nmethod 6996 0x0000000004c09310 code [0x0000000004c09500, 0x0000000004c0a140]
Event: 8.322 Thread 0x000000001360e000 7029       3       java.util.ComparableTimSort::mergeHi (729 bytes)
Event: 8.323 Thread 0x000000001360e000 nmethod 7029 0x0000000004c05010 code [0x0000000004c05360, 0x0000000004c07858]
Event: 8.353 Thread 0x000000001360e000 7030       3       java.math.BigInteger::<init> (77 bytes)
Event: 8.353 Thread 0x000000001360e000 nmethod 7030 0x0000000004bf9a10 code [0x0000000004bf9b80, 0x0000000004bf9fb0]

GC Heap History (10 events):
Event: 7.790 GC heap before
{Heap before GC invocations=1224 (full 1):
 def new generation   total 460800K, used 424381K [0x00000000a2400000, 0x00000000c1800000, 0x00000000c1800000)
  eden space 409600K, 100% used [0x00000000a2400000, 0x00000000bb400000, 0x00000000bb400000)
  from space 51200K,  28% used [0x00000000be600000, 0x00000000bf46f6c8, 0x00000000c1800000)
  to   space 51200K,   0% used [0x00000000bb400000, 0x00000000bb400000, 0x00000000be600000)
 tenured generation   total 1024000K, used 65924K [0x00000000c1800000, 0x0000000100000000, 0x0000000100000000)
   the space 1024000K,   6% used [0x00000000c1800000, 0x00000000c58613c0, 0x00000000c5861400, 0x0000000100000000)
 Metaspace       used 23718K, capacity 24668K, committed 24960K, reserved 1071104K
  class space    used 2665K, capacity 2870K, committed 2944K, reserved 1048576K
Event: 7.824 GC heap after
Heap after GC invocations=1225 (full 1):
 def new generation   total 460800K, used 16563K [0x00000000a2400000, 0x00000000c1800000, 0x00000000c1800000)
  eden space 409600K,   0% used [0x00000000a2400000, 0x00000000a2400000, 0x00000000bb400000)
  from space 51200K,  32% used [0x00000000bb400000, 0x00000000bc42ccf0, 0x00000000be600000)
  to   space 51200K,   0% used [0x00000000be600000, 0x00000000be600000, 0x00000000c1800000)
 tenured generation   total 1024000K, used 65924K [0x00000000c1800000, 0x0000000100000000, 0x0000000100000000)
   the space 1024000K,   6% used [0x00000000c1800000, 0x00000000c58613c0, 0x00000000c5861400, 0x0000000100000000)
 Metaspace       used 23718K, capacity 24668K, committed 24960K, reserved 1071104K
  class space    used 2665K, capacity 2870K, committed 2944K, reserved 1048576K
}
Event: 8.177 GC heap before
{Heap before GC invocations=1225 (full 1):
 def new generation   total 460800K, used 426163K [0x00000000a2400000, 0x00000000c1800000, 0x00000000c1800000)
  eden space 409600K, 100% used [0x00000000a2400000, 0x00000000bb400000, 0x00000000bb400000)
  from space 51200K,  32% used [0x00000000bb400000, 0x00000000bc42ccf0, 0x00000000be600000)
  to   space 51200K,   0% used [0x00000000be600000, 0x00000000be600000, 0x00000000c1800000)
 tenured generation   total 1024000K, used 65924K [0x00000000c1800000, 0x0000000100000000, 0x0000000100000000)
   the space 1024000K,   6% used [0x00000000c1800000, 0x00000000c58613c0, 0x00000000c5861400, 0x0000000100000000)
 Metaspace       used 24139K, capacity 25102K, committed 25216K, reserved 1071104K
  class space    used 2698K, capacity 2905K, committed 2944K, reserved 1048576K
Event: 8.195 GC heap after
Heap after GC invocations=1226 (full 1):
 def new generation   total 460800K, used 14169K [0x00000000a2400000, 0x00000000c1800000, 0x00000000c1800000)
  eden space 409600K,   0% used [0x00000000a2400000, 0x00000000a2400000, 0x00000000bb400000)
  from space 51200K,  27% used [0x00000000be600000, 0x00000000bf3d67d8, 0x00000000c1800000)
  to   space 51200K,   0% used [0x00000000bb400000, 0x00000000bb400000, 0x00000000be600000)
 tenured generation   total 1024000K, used 65924K [0x00000000c1800000, 0x0000000100000000, 0x0000000100000000)
   the space 1024000K,   6% used [0x00000000c1800000, 0x00000000c58613c0, 0x00000000c5861400, 0x0000000100000000)
 Metaspace       used 24139K, capacity 25102K, committed 25216K, reserved 1071104K
  class space    used 2698K, capacity 2905K, committed 2944K, reserved 1048576K
}
Event: 8.240 GC heap before
{Heap before GC invocations=1226 (full 1):
 def new generation   total 460800K, used 423055K [0x00000000a2400000, 0x00000000c1800000, 0x00000000c1800000)
  eden space 409600K,  99% used [0x00000000a2400000, 0x00000000bb34d780, 0x00000000bb400000)
  from space 51200K,  27% used [0x00000000be600000, 0x00000000bf3d67d8, 0x00000000c1800000)
  to   space 51200K,   0% used [0x00000000bb400000, 0x00000000bb400000, 0x00000000be600000)
 tenured generation   total 1024000K, used 65924K [0x00000000c1800000, 0x0000000100000000, 0x0000000100000000)
   the space 1024000K,   6% used [0x00000000c1800000, 0x00000000c58613c0, 0x00000000c5861400, 0x0000000100000000)
 Metaspace       used 24140K, capacity 25102K, committed 25216K, reserved 1071104K
  class space    used 2698K, capacity 2905K, committed 2944K, reserved 1048576K
Event: 8.253 GC heap after
Heap after GC invocations=1227 (full 1):
 def new generation   total 460800K, used 13848K [0x00000000a2400000, 0x00000000c1800000, 0x00000000c1800000)
  eden space 409600K,   0% used [0x00000000a2400000, 0x00000000a2400000, 0x00000000bb400000)
  from space 51200K,  27% used [0x00000000bb400000, 0x00000000bc186060, 0x00000000be600000)
  to   space 51200K,   0% used [0x00000000be600000, 0x00000000be600000, 0x00000000c1800000)
 tenured generation   total 1024000K, used 65924K [0x00000000c1800000, 0x0000000100000000, 0x0000000100000000)
   the space 1024000K,   6% used [0x00000000c1800000, 0x00000000c58613c0, 0x00000000c5861400, 0x0000000100000000)
 Metaspace       used 24140K, capacity 25102K, committed 25216K, reserved 1071104K
  class space    used 2698K, capacity 2905K, committed 2944K, reserved 1048576K
}
Event: 8.297 GC heap before
{Heap before GC invocations=1227 (full 1):
 def new generation   total 460800K, used 423223K [0x00000000a2400000, 0x00000000c1800000, 0x00000000c1800000)
  eden space 409600K,  99% used [0x00000000a2400000, 0x00000000bb3c7e08, 0x00000000bb400000)
  from space 51200K,  27% used [0x00000000bb400000, 0x00000000bc186060, 0x00000000be600000)
  to   space 51200K,   0% used [0x00000000be600000, 0x00000000be600000, 0x00000000c1800000)
 tenured generation   total 1024000K, used 65924K [0x00000000c1800000, 0x0000000100000000, 0x0000000100000000)
   the space 1024000K,   6% used [0x00000000c1800000, 0x00000000c58613c0, 0x00000000c5861400, 0x0000000100000000)
 Metaspace       used 24140K, capacity 25102K, committed 25216K, reserved 1071104K
  class space    used 2698K, capacity 2905K, committed 2944K, reserved 1048576K
Event: 8.311 GC heap after
Heap after GC invocations=1228 (full 1):
 def new generation   total 460800K, used 13852K [0x00000000a2400000, 0x00000000c1800000, 0x00000000c1800000)
  eden space 409600K,   0% used [0x00000000a2400000, 0x00000000a2400000, 0x00000000bb400000)
  from space 51200K,  27% used [0x00000000be600000, 0x00000000bf387208, 0x00000000c1800000)
  to   space 51200K,   0% used [0x00000000bb400000, 0x00000000bb400000, 0x00000000be600000)
 tenured generation   total 1024000K, used 65924K [0x00000000c1800000, 0x0000000100000000, 0x0000000100000000)
   the space 1024000K,   6% used [0x00000000c1800000, 0x00000000c58613c0, 0x00000000c5861400, 0x0000000100000000)
 Metaspace       used 24140K, capacity 25102K, committed 25216K, reserved 1071104K
  class space    used 2698K, capacity 2905K, committed 2944K, reserved 1048576K
}
Event: 8.356 GC heap before
{Heap before GC invocations=1228 (full 1):
 def new generation   total 460800K, used 422416K [0x00000000a2400000, 0x00000000c1800000, 0x00000000c1800000)
  eden space 409600K,  99% used [0x00000000a2400000, 0x00000000bb2fcef0, 0x00000000bb400000)
  from space 51200K,  27% used [0x00000000be600000, 0x00000000bf387208, 0x00000000c1800000)
  to   space 51200K,   0% used [0x00000000bb400000, 0x00000000bb400000, 0x00000000be600000)
 tenured generation   total 1024000K, used 65924K [0x00000000c1800000, 0x0000000100000000, 0x0000000100000000)
   the space 1024000K,   6% used [0x00000000c1800000, 0x00000000c58613c0, 0x00000000c5861400, 0x0000000100000000)
 Metaspace       used 24143K, capacity 25102K, committed 25216K, reserved 1071104K
  class space    used 2698K, capacity 2905K, committed 2944K, reserved 1048576K
Event: 8.370 GC heap after
Heap after GC invocations=1229 (full 1):
 def new generation   total 460800K, used 13845K [0x00000000a2400000, 0x00000000c1800000, 0x00000000c1800000)
  eden space 409600K,   0% used [0x00000000a2400000, 0x00000000a2400000, 0x00000000bb400000)
  from space 51200K,  27% used [0x00000000bb400000, 0x00000000bc1854b8, 0x00000000be600000)
  to   space 51200K,   0% used [0x00000000be600000, 0x00000000be600000, 0x00000000c1800000)
 tenured generation   total 1024000K, used 65924K [0x00000000c1800000, 0x0000000100000000, 0x0000000100000000)
   the space 1024000K,   6% used [0x00000000c1800000, 0x00000000c58613c0, 0x00000000c5861400, 0x0000000100000000)
 Metaspace       used 24143K, capacity 25102K, committed 25216K, reserved 1071104K
  class space    used 2698K, capacity 2905K, committed 2944K, reserved 1048576K
}

Deoptimization events (10 events):
Event: 8.140 Thread 0x0000000003367000 Uncommon trap: reason=class_check action=maybe_recompile pc=0x0000000003775e98 method=java.util.HashMap.removeNode(ILjava/lang/Object;Ljava/lang/Object;ZZ)Ljava/util/HashMap$Node; @ 68
Event: 8.140 Thread 0x0000000003367000 Uncommon trap: reason=class_check action=maybe_recompile pc=0x0000000003775ee8 method=java.util.HashMap.removeNode(ILjava/lang/Object;Ljava/lang/Object;ZZ)Ljava/util/HashMap$Node; @ 143
Event: 8.141 Thread 0x0000000003367000 Uncommon trap: reason=unreached action=reinterpret pc=0x00000000045e6e88 method=com.altera.sopcmodel.components.tclmodule.LiveModule.getExtension(Ljava/lang/Class;)Ljava/lang/Object; @ 123
Event: 8.141 Thread 0x0000000003367000 Uncommon trap: reason=class_check action=maybe_recompile pc=0x0000000003775ee8 method=java.util.HashMap.removeNode(ILjava/lang/Object;Ljava/lang/Object;ZZ)Ljava/util/HashMap$Node; @ 143
Event: 8.141 Thread 0x0000000003367000 Uncommon trap: reason=bimorphic action=maybe_recompile pc=0x0000000004202104 method=java.util.TreeMap.compare(Ljava/lang/Object;Ljava/lang/Object;)I @ 26
Event: 8.141 Thread 0x0000000003367000 Uncommon trap: reason=bimorphic action=maybe_recompile pc=0x00000000042020d4 method=java.util.TreeMap.put(Ljava/lang/Object;Ljava/lang/Object;)Ljava/lang/Object; @ 68
Event: 8.141 Thread 0x0000000003367000 Uncommon trap: reason=bimorphic action=maybe_recompile pc=0x00000000042020d4 method=java.util.TreeMap.put(Ljava/lang/Object;Ljava/lang/Object;)Ljava/lang/Object; @ 68
Event: 8.141 Thread 0x0000000003367000 Uncommon trap: reason=bimorphic action=maybe_recompile pc=0x00000000042020d4 method=java.util.TreeMap.put(Ljava/lang/Object;Ljava/lang/Object;)Ljava/lang/Object; @ 68
Event: 8.141 Thread 0x0000000003367000 Uncommon trap: reason=bimorphic action=maybe_recompile pc=0x00000000042020d4 method=java.util.TreeMap.put(Ljava/lang/Object;Ljava/lang/Object;)Ljava/lang/Object; @ 68
Event: 8.142 Thread 0x0000000003367000 Uncommon trap: reason=unreached action=reinterpret pc=0x0000000003ccc468 method=java.util.TreeSet.add(Ljava/lang/Object;)Z @ 13

Internal exceptions (10 events):
Event: 8.145 Thread 0x0000000003367000 Exception <a 'java/security/PrivilegedActionException'> (0x00000000ad9f1e60) thrown at [D:\re\workspace\8-2-build-windows-amd64-cygwin\jdk8u5\2488\hotspot\src\share\vm\prims\jvm.cpp, line 1248]
Event: 8.145 Thread 0x0000000003367000 Exception <a 'java/security/PrivilegedActionException'> (0x00000000ad9f8b30) thrown at [D:\re\workspace\8-2-build-windows-amd64-cygwin\jdk8u5\2488\hotspot\src\share\vm\prims\jvm.cpp, line 1248]
Event: 8.146 Thread 0x0000000003367000 Exception <a 'java/security/PrivilegedActionException'> (0x00000000ada00668) thrown at [D:\re\workspace\8-2-build-windows-amd64-cygwin\jdk8u5\2488\hotspot\src\share\vm\prims\jvm.cpp, line 1248]
Event: 8.146 Thread 0x0000000003367000 Exception <a 'java/security/PrivilegedActionException'> (0x00000000ada08930) thrown at [D:\re\workspace\8-2-build-windows-amd64-cygwin\jdk8u5\2488\hotspot\src\share\vm\prims\jvm.cpp, line 1248]
Event: 8.146 Thread 0x0000000003367000 Exception <a 'java/security/PrivilegedActionException'> (0x00000000ada11e30) thrown at [D:\re\workspace\8-2-build-windows-amd64-cygwin\jdk8u5\2488\hotspot\src\share\vm\prims\jvm.cpp, line 1248]
Event: 8.146 Thread 0x0000000003367000 Exception <a 'java/security/PrivilegedActionException'> (0x00000000ada180b0) thrown at [D:\re\workspace\8-2-build-windows-amd64-cygwin\jdk8u5\2488\hotspot\src\share\vm\prims\jvm.cpp, line 1248]
Event: 8.147 Thread 0x0000000003367000 Exception <a 'java/security/PrivilegedActionException'> (0x00000000ada4d320) thrown at [D:\re\workspace\8-2-build-windows-amd64-cygwin\jdk8u5\2488\hotspot\src\share\vm\prims\jvm.cpp, line 1248]
Event: 8.147 Thread 0x0000000003367000 Exception <a 'java/security/PrivilegedActionException'> (0x00000000ada5c2b0) thrown at [D:\re\workspace\8-2-build-windows-amd64-cygwin\jdk8u5\2488\hotspot\src\share\vm\prims\jvm.cpp, line 1248]
Event: 8.148 Thread 0x0000000003367000 Exception <a 'java/security/PrivilegedActionException'> (0x00000000ada67578) thrown at [D:\re\workspace\8-2-build-windows-amd64-cygwin\jdk8u5\2488\hotspot\src\share\vm\prims\jvm.cpp, line 1248]
Event: 8.161 Thread 0x0000000003367000 Exception <a 'java/security/PrivilegedActionException'> (0x00000000b3b29f00) thrown at [D:\re\workspace\8-2-build-windows-amd64-cygwin\jdk8u5\2488\hotspot\src\share\vm\prims\jvm.cpp, line 1248]

Events (10 events):
Event: 8.195 Executing VM operation: RevokeBias
Event: 8.195 Executing VM operation: RevokeBias done
Event: 8.195 Executing VM operation: RevokeBias
Event: 8.195 Executing VM operation: RevokeBias done
Event: 8.240 Executing VM operation: GenCollectForAllocation
Event: 8.253 Executing VM operation: GenCollectForAllocation done
Event: 8.297 Executing VM operation: GenCollectForAllocation
Event: 8.311 Executing VM operation: GenCollectForAllocation done
Event: 8.356 Executing VM operation: GenCollectForAllocation
Event: 8.370 Executing VM operation: GenCollectForAllocation done


Dynamic libraries:
0x00007ff61f660000 - 0x00007ff61f694000 	C:\intelfpga_lite\16.1\quartus\bin64\jre64\bin\java.exe
0x00007ff9f9190000 - 0x00007ff9f936b000 	C:\WINDOWS\SYSTEM32\ntdll.dll
0x00007ff9f8060000 - 0x00007ff9f810e000 	C:\WINDOWS\System32\KERNEL32.DLL
0x00007ff9f57b0000 - 0x00007ff9f59f9000 	C:\WINDOWS\System32\KERNELBASE.dll
0x00007ff9f89e0000 - 0x00007ff9f8a81000 	C:\WINDOWS\System32\ADVAPI32.dll
0x00007ff9f8a90000 - 0x00007ff9f8b2d000 	C:\WINDOWS\System32\msvcrt.dll
0x00007ff9f7c40000 - 0x00007ff9f7c99000 	C:\WINDOWS\System32\sechost.dll
0x00007ff9f8140000 - 0x00007ff9f8265000 	C:\WINDOWS\System32\RPCRT4.dll
0x00007ff9f8330000 - 0x00007ff9f847a000 	C:\WINDOWS\System32\USER32.dll
0x00007ff9f6300000 - 0x00007ff9f631e000 	C:\WINDOWS\System32\win32u.dll
0x00007ff9f8490000 - 0x00007ff9f84b7000 	C:\WINDOWS\System32\GDI32.dll
0x00007ff9f5a00000 - 0x00007ff9f5b87000 	C:\WINDOWS\System32\gdi32full.dll
0x00007ff9f65a0000 - 0x00007ff9f663a000 	C:\WINDOWS\System32\msvcp_win.dll
0x00007ff9f56b0000 - 0x00007ff9f57a6000 	C:\WINDOWS\System32\ucrtbase.dll
0x00007ff9e9840000 - 0x00007ff9e9aa7000 	C:\WINDOWS\WinSxS\amd64_microsoft.windows.common-controls_6595b64144ccf1df_6.0.15063.483_none_26002d27e7c744a2\COMCTL32.dll
0x00007ff9f8540000 - 0x00007ff9f8839000 	C:\WINDOWS\System32\combase.dll
0x00007ff9f5b90000 - 0x00007ff9f5bfa000 	C:\WINDOWS\System32\bcryptPrimitives.dll
0x00007ff9f8110000 - 0x00007ff9f813d000 	C:\WINDOWS\System32\IMM32.DLL
0x0000000052950000 - 0x0000000052a22000 	C:\intelfpga_lite\16.1\quartus\bin64\jre64\bin\msvcr100.dll
0x0000000052120000 - 0x000000005294a000 	C:\intelfpga_lite\16.1\quartus\bin64\jre64\bin\server\jvm.dll
0x00007ff9f7f80000 - 0x00007ff9f7f88000 	C:\WINDOWS\System32\PSAPI.DLL
0x00007ff9e1270000 - 0x00007ff9e1279000 	C:\WINDOWS\SYSTEM32\WSOCK32.dll
0x00007ff9f21a0000 - 0x00007ff9f21c3000 	C:\WINDOWS\SYSTEM32\WINMM.dll
0x00007ff9f7ff0000 - 0x00007ff9f805c000 	C:\WINDOWS\System32\WS2_32.dll
0x00007ff9f2050000 - 0x00007ff9f207b000 	C:\WINDOWS\SYSTEM32\winmmbase.dll
0x00007ff9f66a0000 - 0x00007ff9f66e9000 	C:\WINDOWS\System32\cfgmgr32.dll
0x0000000053920000 - 0x000000005392f000 	C:\intelfpga_lite\16.1\quartus\bin64\jre64\bin\verify.dll
0x00000000520b0000 - 0x00000000520d8000 	C:\intelfpga_lite\16.1\quartus\bin64\jre64\bin\java.dll
0x0000000052090000 - 0x00000000520a6000 	C:\intelfpga_lite\16.1\quartus\bin64\jre64\bin\zip.dll
0x00007ff9f6800000 - 0x00007ff9f7c37000 	C:\WINDOWS\System32\SHELL32.dll
0x00007ff9f8b30000 - 0x00007ff9f8bda000 	C:\WINDOWS\System32\shcore.dll
0x00007ff9f5c00000 - 0x00007ff9f62f1000 	C:\WINDOWS\System32\windows.storage.dll
0x00007ff9f67a0000 - 0x00007ff9f67f1000 	C:\WINDOWS\System32\shlwapi.dll
0x00007ff9f5670000 - 0x00007ff9f5681000 	C:\WINDOWS\System32\kernel.appcore.dll
0x00007ff9f5600000 - 0x00007ff9f564c000 	C:\WINDOWS\System32\powrprof.dll
0x00007ff9f5650000 - 0x00007ff9f5665000 	C:\WINDOWS\System32\profapi.dll
0x00007ff9f22c0000 - 0x00007ff9f22c6000 	C:\intelFPGA_lite\16.1\quartus\bin64\sld_utiljni.dll
0x00007ff9e5ca0000 - 0x00007ff9e5d8f000 	C:\intelFPGA_lite\16.1\quartus\bin64\MSVCR120.dll
0x0000000054640000 - 0x00000000547c7000 	C:\intelFPGA_lite\16.1\quartus\bin64\tcl86.dll
0x00007ff9e3730000 - 0x00007ff9e3747000 	C:\WINDOWS\SYSTEM32\NETAPI32.dll
0x00007ff9f4a70000 - 0x00007ff9f4a7d000 	C:\WINDOWS\SYSTEM32\NETUTILS.DLL
0x00007ff9e90c0000 - 0x00007ff9e90d8000 	C:\WINDOWS\SYSTEM32\SAMCLI.DLL
0x00007ff9f1910000 - 0x00007ff9f194f000 	C:\WINDOWS\SYSTEM32\LOGONCLI.DLL
0x00007ff9e2380000 - 0x00007ff9e2440000 	C:\intelFPGA_lite\16.1\quartus\bin64\ccl_sqlite3.dll
0x00007ff9f1780000 - 0x00007ff9f1790000 	C:\intelFPGA_lite\16.1\quartus\bin64\ccl_sqlite3_jdbc_jni_bridge.dll
0x0000000052070000 - 0x000000005208a000 	C:\intelFPGA_lite\16.1\quartus\bin64\jre64\bin\net.dll
0x00007ff9f4be0000 - 0x00007ff9f4c3c000 	C:\WINDOWS\system32\mswsock.dll
0x00007ff9f4980000 - 0x00007ff9f49b7000 	C:\WINDOWS\SYSTEM32\IPHLPAPI.DLL
0x00007ff9f66f0000 - 0x00007ff9f66f8000 	C:\WINDOWS\System32\NSI.dll
0x00007ff9f0a50000 - 0x00007ff9f0a66000 	C:\WINDOWS\SYSTEM32\dhcpcsvc6.DLL
0x00007ff9f0a30000 - 0x00007ff9f0a4a000 	C:\WINDOWS\SYSTEM32\dhcpcsvc.DLL
0x00007ff9a3990000 - 0x00007ff9a3b5b000 	C:\intelFPGA_lite\16.1\quartus\bin64\sld_filejni.dll
0x00007ff9f8270000 - 0x00007ff9f8330000 	C:\WINDOWS\System32\OLEAUT32.dll
0x00007ff9f7db0000 - 0x00007ff9f7ef5000 	C:\WINDOWS\System32\ole32.dll
0x00007ff9f7ca0000 - 0x00007ff9f7da8000 	C:\WINDOWS\System32\COMDLG32.dll
0x00007ff9e90e0000 - 0x00007ff9e90e9000 	C:\intelFPGA_lite\16.1\quartus\bin64\tcl_jni_bridge.dll
0x0000000051ed0000 - 0x0000000052066000 	C:\intelFPGA_lite\16.1\quartus\bin64\jre64\bin\awt.dll
0x00007ff9f3960000 - 0x00007ff9f39de000 	C:\WINDOWS\SYSTEM32\apphelp.dll
0x00007ff9e2730000 - 0x00007ff9e28b8000 	C:\intelFPGA_lite\16.1\quartus\bin64\dbghelp.dll

VM Arguments:
jvm_args: -Xmx1500M -XX:+UseSerialGC 
java_command: com.altera.sopcmodel.sbtools.sbgenerate.SbGenerate --output-directory=C:/Users/rahul/Documents/ece385-final/lab8/db/ip/lab8_soc/ --project-directory=C:/Users/rahul/Documents/ece385-final/lab8/ --component-file=C:/Users/rahul/Documents/ece385-final/lab8/lab8_soc.qsys --output-name=lab8_soc --file-set=QUARTUS_SYNTH --system-info=DEVICE_FAMILY=Cyclone IV E --system-info=DEVICE=EP4CE115F29C7 --report-file=xml:C:/Users/rahul/Documents/ece385-final/lab8/db/ip/lab8_soc/lab8_soc__report.xml --report-file=html:C:/Users/rahul/Documents/ece385-final/lab8/db/ip/lab8_soc/lab8_soc__report.html --report-file=sopcinfo:lab8_soc.sopcinfo --report-file=qip:C:/Users/rahul/Documents/ece385-final/lab8/db/ip/lab8_soc/lab8_soc.qip --report-file=bsf --report-file=regmap --report-file=debuginfo --remove-qsys-generate-warning
java_class_path (initial): C:/intelfpga_lite/16.1/quartus/sopc_builder/model/lib\Nlview.jar;C:/intelfpga_lite/16.1/quartus/sopc_builder/model/lib\QuickServer.jar;C:/intelfpga_lite/16.1/quartus/sopc_builder/model/lib\TableLayout.jar;C:/intelfpga_lite/16.1/quartus/sopc_builder/model/lib\appframework-1.03.jar;C:/intelfpga_lite/16.1/quartus/sopc_builder/model/lib\asm-3.1.jar;C:/intelfpga_lite/16.1/quartus/sopc_builder/model/lib\asm-commons-3.1.jar;C:/intelfpga_lite/16.1/quartus/sopc_builder/model/lib\basicmodel.jar;C:/intelfpga_lite/16.1/quartus/sopc_builder/model/lib\beansbinding-1.2.1.jar;C:/intelfpga_lite/16.1/quartus/sopc_builder/model/lib\binding-2.0.6.jar;C:/intelfpga_lite/16.1/quartus/sopc_builder/model/lib\com.altera.componenteditor2.jar;C:/intelfpga_lite/16.1/quartus/sopc_builder/model/lib\com.altera.embeddedsw.app_lib.jar;C:/intelfpga_lite/16.1/quartus/sopc_builder/model/lib\com.altera.embeddedsw.bsp.editor.jar;C:/intelfpga_lite/16.1/quartus/sopc_builder/model/lib\com.altera.embeddedsw.bsp.elements.jar;C:/intelfpga_lite/16.1/quartus/sopc_builder/model/lib\com.altera.embeddedsw.bsp.jar;C:/intelfpga_lite/16.1/quartus/sopc_builder/model/lib\com.altera.embeddedsw.bsp.plugin.core.jar;C:/intelfpga_lite/16.1/quartus/sopc_builder/model/lib\com.altera.embeddedsw.bsp.plugin.hal.jar;C:/intelfpga_lite/16.1/quartus/sopc_builder/model/lib\com.altera.embeddedsw.bsp.plugin.lwhal.jar;C:/intelfpga_lite/16.1/quartus/sopc_builder/model/lib\com.altera.embeddedsw.bsp.schema.jar;C:/intelfpga_lite/16.1/quartus/sopc_builder/model/lib\com.altera.embeddedsw.bsp.scripting.jar;C:/intelfpga_lite/16.1/quartus/sopc_builder/model/lib\com.altera.embeddedsw.commandline.jar;C:/intelfpga_lite/16.1/quartus/sopc_builder/model/lib\com.altera.embeddedsw.cpexample.jar;C:/intelfpga_lite/16.1/quartus/sopc_builder/model/lib\com.altera.embeddedsw.flash.jar;C:/intelfpga_lite/16.1/quartus/sopc_builder/model/lib\com.altera.embeddedsw.launch.jar;C:/intelfpga_lite/16.1/quartus/sopc_builder/model/lib\com.alte
Launcher Type: SUN_STANDARD

Environment Variables:
PATH=C:/intelfpga_lite/16.1/quartus/bin64;c:\intelfpga_lite\16.1\quartus\bin64\;c:\intelfpga_lite\16.1\quartus\bin64\;C:\ProgramData\Oracle\Java\javapath;c:\program files (x86)\intel\icls client\;c:\program files\intel\icls client\;c:\windows\system32;c:\windows;c:\windows\system32\wbem;c:\windows\system32\windowspowershell\v1.0\;c:\program files (x86)\intel\intel(r) management engine components\dal;c:\program files\intel\intel(r) management engine components\dal;c:\program files (x86)\intel\intel(r) management engine components\ipt;c:\program files\intel\intel(r) management engine components\ipt;c:\program files (x86)\skype\phone\;c:\program files\git\cmd;C:\Program Files (x86)\NVIDIA Corporation\PhysX\Common;C:\WINDOWS\system32;C:\WINDOWS;C:\WINDOWS\System32\Wbem;C:\WINDOWS\System32\WindowsPowerShell\v1.0\;C:\Program Files\PuTTY\;C:\Users\rahul\AppData\Local\Microsoft\WindowsApps;C:\Program Files\Java\jdk1.8.0_144\bin;C:\Users\rahul\bin;;C:\intelFPGA_lite\16.1\modelsim_ase\win32aloem
USERNAME=rahul
OS=Windows_NT
PROCESSOR_IDENTIFIER=Intel64 Family 6 Model 63 Stepping 2, GenuineIntel



---------------  S Y S T E M  ---------------

OS: Windows 8.1 , 64 bit Build 9600 

CPU:total 12 (6 cores per cpu, 2 threads per core) family 6 model 63 stepping 2, cmov, cx8, fxsr, mmx, sse, sse2, sse3, ssse3, sse4.1, sse4.2, popcnt, avx, avx2, aes, clmul, erms, ht, tsc, tscinvbit

Memory: 4k page, physical 67006524k(60230860k free), swap 76967996k(68914844k free)

vm_info: Java HotSpot(TM) 64-Bit Server VM (25.5-b02) for windows-amd64 JRE (1.8.0_05-b13), built on Mar 18 2014 01:08:39 by "java_re" with MS VC++ 10.0 (VS2010)

time: Tue Dec 12 02:53:49 2017
elapsed time: 8 seconds

