IP Upgrade report for lab8
Tue Oct 24 04:01:09 2017
Quartus Prime Version 16.1.0 Build 196 10/24/2016 SJ Lite Edition


---------------------
; Table of Contents ;
---------------------
  1. Legal Notice
  2. IP Upgrade Summary
  3. Failed Upgrade IP Components
  4. IP Upgrade Messages



----------------
; Legal Notice ;
----------------
Copyright (C) 2016  Intel Corporation. All rights reserved.
Your use of Intel Corporation's design tools, logic functions 
and other software and tools, and its AMPP partner logic 
functions, and any output files from any of the foregoing 
(including device programming or simulation files), and any 
associated documentation or information are expressly subject 
to the terms and conditions of the Intel Program License 
Subscription Agreement, the Intel Quartus Prime License Agreement,
the Intel MegaCore Function License Agreement, or other 
applicable license agreement, including, without limitation, 
that your use is for the sole purpose of programming logic 
devices manufactured by Intel and sold by Intel or its 
authorized distributors.  Please refer to the applicable 
agreement for further details.



+----------------------------------------------------------------------------+
; IP Upgrade Summary                                                         ;
+------------------------------+---------------------------------------------+
; IP Components Upgrade Status ; Passed - Tue Oct 24 04:01:09 2017           ;
; Quartus Prime Version        ; 16.1.0 Build 196 10/24/2016 SJ Lite Edition ;
; Revision Name                ; lab8                                        ;
; Top-level Entity Name        ; lab8                                        ;
; Family                       ; Cyclone IV E                                ;
+------------------------------+---------------------------------------------+


+------------------------------------------------------------------------------------------------------------------------------------------------------------+
; Failed Upgrade IP Components                                                                                                                               ;
+-------------+----------------+---------+-------------------------------+----------------------+-----------------+------------------------------------------+
; Entity Name ; Component Name ; Version ; Original Source File          ; Generation File Path ; New Source File ; Message                                  ;
+-------------+----------------+---------+-------------------------------+----------------------+-----------------+------------------------------------------+
; vga_clk     ; Qsys           ; 15.0    ; vga_clk/synthesis/vga_clk.qip ; vga_clk.qsys         ;                 ; Error upgrading Qsys file "vga_clk.qsys" ;
+-------------+----------------+---------+-------------------------------+----------------------+-----------------+------------------------------------------+


+---------------------+
; IP Upgrade Messages ;
+---------------------+
Info (11902): Backing up file "vga_clk/synthesis/vga_clk.v" to "vga_clk.BAK.v"
Info (11837): Started upgrading IP component Qsys with file "vga_clk.qsys"
Error: 2017.10.24.04:01:09 Error: Error opening C:/ece385/Lab8_provided
Error (14923): Error upgrading Qsys file "vga_clk.qsys"
Error (11890): Unable to automatically upgrade Qsys component. Please manually upgrade "vga_clk.qsys" in Qsys
Error (23031): Evaluation of Tcl script c:/intelfpga_lite/16.1/quartus/common/tcl/internal/ip_regen/ip_regen.tcl unsuccessful
Error: Quartus Prime Shell was unsuccessful. 4 errors, 0 warnings
    Error: Peak virtual memory: 742 megabytes
    Error: Processing ended: Tue Oct 24 04:01:09 2017
    Error: Elapsed time: 00:00:12
    Error: Total CPU time (on all processors): 00:00:28


